<?xml version="1.0" encoding="UTF-8"?>
<testng-results ignored="0" total="1" passed="1" failed="0" skipped="0">
  <reporter-output>
  </reporter-output>
  <suite started-at="2025-02-09T14:55:23 IST" name="Default suite" finished-at="2025-02-09T14:55:29 IST" duration-ms="6349">
    <groups>
    </groups>
    <test started-at="2025-02-09T14:55:23 IST" name="Default test" finished-at="2025-02-09T14:55:29 IST" duration-ms="6349">
      <class name="Spotify.Oauth2.Playlists">
        <test-method signature="CreatePlaylist()[pri:0, instance:Spotify.Oauth2.Playlists@480d3575]" started-at="2025-02-09T14:55:23 IST" name="CreatePlaylist" finished-at="2025-02-09T14:55:29 IST" duration-ms="6186" status="PASS">
          <reporter-output>
          </reporter-output>
        </test-method> <!-- CreatePlaylist -->
      </class> <!-- Spotify.Oauth2.Playlists -->
    </test> <!-- Default test -->
  </suite> <!-- Default suite -->
</testng-results>
